Gocci_ver2/app/manifest-merger-release-report.txt
-- Merging decision tree log ---
manifest
ADDED from AndroidManifest.xml:2:1
	package
		ADDED from AndroidManifest.xml:3:5
		INJECTED from AndroidManifest.xml:0:0
		INJECTED from AndroidManifest.xml:0:0
	android:versionName
		INJECTED from AndroidManifest.xml:0:0
		INJECTED from AndroidManifest.xml:0:0
	xmlns:android
		ADDED from AndroidManifest.xml:2:11
	android:versionCode
		INJECTED from AndroidManifest.xml:0:0
		INJECTED from AndroidManifest.xml:0:0
uses-permission#android.permission.INTERNET
ADDED from AndroidManifest.xml:5:5
MERGED from com.twitter.sdk.android:tweet-composer:0.7.2:11:5
MERGED from com.twitter.sdk.android:twitter-core:1.1.1:11:5
MERGED from com.twitter.sdk.android:tweet-ui:1.0.3:11:5
MERGED from com.twitter.sdk.android:twitter-core:1.1.1:11:5
MERGED from com.twitter.sdk.android:twitter-core:1.1.1:11:5
MERGED from com.digits.sdk.android:digits:1.1.0:11:5
MERGED from com.twitter.sdk.android:twitter-core:1.1.1:11:5
	android:name
		ADDED from AndroidManifest.xml:5:22
uses-permission#android.permission.ACCESS_NETWORK_STATE
ADDED from AndroidManifest.xml:6:5
MERGED from io.nlopez.smartlocation:library:3.0.2:12:5
	android:name
		ADDED from AndroidManifest.xml:6:22
uses-permission#android.permission.WRITE_EXTERNAL_STORAGE
ADDED from AndroidManifest.xml:7:5
	android:name
		ADDED from AndroidManifest.xml:7:22
uses-permission#android.permission.ACCESS_COARSE_LOCATION
ADDED from AndroidManifest.xml:8:5
MERGED from io.nlopez.smartlocation:library:3.0.2:11:5
	android:name
		ADDED from AndroidManifest.xml:8:22
uses-permission#android.permission.ACCESS_FINE_LOCATION
ADDED from AndroidManifest.xml:9:5
MERGED from io.nlopez.smartlocation:library:3.0.2:13:5
	android:name
		ADDED from AndroidManifest.xml:9:22
uses-permission#com.google.android.providers.gsf.permission.READ_GSERVICES
ADDED from AndroidManifest.xml:10:5
MERGED from io.nlopez.smartlocation:library:3.0.2:14:5
	android:name
		ADDED from AndroidManifest.xml:10:22
uses-permission#android.permission.RECORD_AUDIO
ADDED from AndroidManifest.xml:11:5
	android:name
		ADDED from AndroidManifest.xml:11:22
uses-permission#android.permission.CAMERA
ADDED from AndroidManifest.xml:12:5
	android:name
		ADDED from AndroidManifest.xml:12:22
uses-feature#android.hardware.camera
ADDED from AndroidManifest.xml:14:5
	android:name
		ADDED from AndroidManifest.xml:14:19
uses-feature#android.hardware.camera.autofocus
ADDED from AndroidManifest.xml:15:5
	android:name
		ADDED from AndroidManifest.xml:15:19
uses-feature#0x00020000
ADDED from AndroidManifest.xml:16:5
	android:glEsVersion
		ADDED from AndroidManifest.xml:17:9
	android:required
		ADDED from AndroidManifest.xml:18:9
application
ADDED from AndroidManifest.xml:20:5
MERGED from com.github.traex.rippleeffect:library:1.2.3:12:5
MERGED from com.melnykov:floatingactionbutton:1.1.0:12:5
MERGED from com.android.support:recyclerview-v7:21.0.0:17:5
MERGED from com.android.support:support-v4:21.0.3:16:5
MERGED from com.android.support:support-v4:21.0.3:16:5
MERGED from com.android.support:appcompat-v7:21.0.3:16:5
MERGED from com.android.support:support-v4:21.0.3:16:5
MERGED from com.google.android.gms:play-services:6.5.87:20:5
MERGED from com.android.support:support-v4:21.0.3:16:5
MERGED from com.android.support:recyclerview-v7:21.0.0:17:5
MERGED from com.android.support:support-v4:21.0.3:16:5
MERGED from com.hatenablog.shoma2da:eventdaterecorderlib:0.1.0:11:5
MERGED from com.android.support:appcompat-v7:21.0.3:16:5
MERGED from com.android.support:support-v4:21.0.3:16:5
MERGED from com.github.markushi:android-ui:1.2:9:5
MERGED from com.android.support:appcompat-v7:21.0.3:16:5
MERGED from com.android.support:support-v4:21.0.3:16:5
MERGED from com.android.support:cardview-v7:21.0.3:16:5
MERGED from com.android.support:palette-v7:21.0.3:16:5
MERGED from com.android.support:support-v4:21.0.3:16:5
MERGED from com.pnikosis:materialish-progress:1.4:11:5
MERGED from com.android.support:appcompat-v7:21.0.3:16:5
MERGED from com.android.support:support-v4:21.0.3:16:5
MERGED from com.github.sd6352051.niftydialogeffects:niftydialogeffects:1.0.0:11:5
MERGED from fr.tvbarthel.lib.blurdialogfragment:lib:1.0.0:11:5
MERGED from io.nlopez.smartlocation:library:3.0.2:17:5
MERGED from com.facebook.android:facebook:3.22.0:24:5
MERGED from com.android.support:support-v4:21.0.3:16:5
MERGED from com.twitter.sdk.android:twitter:1.1.1:11:5
MERGED from com.twitter.sdk.android:tweet-composer:0.7.2:13:5
MERGED from io.fabric.sdk.android:fabric:1.1.0:11:5
MERGED from com.twitter.sdk.android:twitter-core:1.1.1:13:5
MERGED from io.fabric.sdk.android:fabric:1.1.0:11:5
MERGED from com.twitter.sdk.android:tweet-ui:1.0.3:13:5
MERGED from com.twitter.sdk.android:twitter-core:1.1.1:13:5
MERGED from io.fabric.sdk.android:fabric:1.1.0:11:5
MERGED from com.android.support:support-v4:21.0.3:16:5
MERGED from io.fabric.sdk.android:fabric:1.1.0:11:5
MERGED from com.twitter.sdk.android:twitter-core:1.1.1:13:5
MERGED from io.fabric.sdk.android:fabric:1.1.0:11:5
MERGED from com.digits.sdk.android:digits:1.1.0:13:5
MERGED from com.twitter.sdk.android:twitter-core:1.1.1:13:5
MERGED from io.fabric.sdk.android:fabric:1.1.0:11:5
MERGED from io.fabric.sdk.android:fabric:1.1.0:11:5
MERGED from io.fabric.sdk.android:fabric:1.1.0:11:5
	android:screenOrientation
		ADDED from AndroidManifest.xml:27:9
	android:label
		ADDED from AndroidManifest.xml:24:9
	android:allowBackup
		ADDED from AndroidManifest.xml:22:9
	android:icon
		ADDED from AndroidManifest.xml:23:9
	android:largeHeap
		ADDED from AndroidManifest.xml:25:9
	android:theme
		ADDED from AndroidManifest.xml:26:9
	android:name
		ADDED from AndroidManifest.xml:21:9
meta-data#com.google.android.maps.v2.API_KEY
ADDED from AndroidManifest.xml:28:9
	android:value
		ADDED from AndroidManifest.xml:30:13
	android:name
		ADDED from AndroidManifest.xml:29:13
meta-data#com.google.android.gms.version
ADDED from AndroidManifest.xml:31:9
MERGED from com.google.android.gms:play-services:6.5.87:21:9
MERGED from io.nlopez.smartlocation:library:3.0.2:25:9
	android:value
		ADDED from AndroidManifest.xml:33:13
	android:name
		ADDED from AndroidManifest.xml:32:13
activity#com.inase.android.gocci.Activity.SplashActivity
ADDED from AndroidManifest.xml:35:9
	android:screenOrientation
		ADDED from AndroidManifest.xml:38:13
	android:label
		ADDED from AndroidManifest.xml:37:13
	android:name
		ADDED from AndroidManifest.xml:36:13
intent-filter#android.intent.action.MAIN+android.intent.category.LAUNCHER
ADDED from AndroidManifest.xml:40:13
action#android.intent.action.MAIN
ADDED from AndroidManifest.xml:41:17
	android:name
		ADDED from AndroidManifest.xml:41:25
category#android.intent.category.LAUNCHER
ADDED from AndroidManifest.xml:43:17
	android:name
		ADDED from AndroidManifest.xml:43:27
activity#com.facebook.LoginActivity
ADDED from AndroidManifest.xml:46:9
	android:label
		ADDED from AndroidManifest.xml:48:13
	android:name
		ADDED from AndroidManifest.xml:47:13
meta-data#com.facebook.sdk.ApplicationId
ADDED from AndroidManifest.xml:51:9
	android:value
		ADDED from AndroidManifest.xml:53:13
	android:name
		ADDED from AndroidManifest.xml:52:13
activity#com.inase.android.gocci.Activity.FlexibleTenpoActivity
ADDED from AndroidManifest.xml:55:9
	android:screenOrientation
		ADDED from AndroidManifest.xml:58:13
	android:label
		ADDED from AndroidManifest.xml:57:13
	android:name
		ADDED from AndroidManifest.xml:56:13
activity#com.inase.android.gocci.Activity.FlexibleUserProfActivity
ADDED from AndroidManifest.xml:60:9
	android:screenOrientation
		ADDED from AndroidManifest.xml:63:13
	android:label
		ADDED from AndroidManifest.xml:62:13
	android:name
		ADDED from AndroidManifest.xml:61:13
activity#com.inase.android.gocci.Activity.TutorialGuideActivity
ADDED from AndroidManifest.xml:65:9
	android:screenOrientation
		ADDED from AndroidManifest.xml:68:13
	android:label
		ADDED from AndroidManifest.xml:67:13
	android:name
		ADDED from AndroidManifest.xml:66:13
activity#com.inase.android.gocci.Activity.FlexibleMyProfActivity
ADDED from AndroidManifest.xml:70:9
	android:label
		ADDED from AndroidManifest.xml:72:13
	android:name
		ADDED from AndroidManifest.xml:71:13
activity#com.inase.android.gocci.Activity.IconTabActivity
ADDED from AndroidManifest.xml:74:9
	android:screenOrientation
		ADDED from AndroidManifest.xml:78:13
	android:label
		ADDED from AndroidManifest.xml:76:13
	android:launchMode
		ADDED from AndroidManifest.xml:77:13
	android:name
		ADDED from AndroidManifest.xml:75:13
activity#com.inase.android.gocci.Activity.CameraActivity
ADDED from AndroidManifest.xml:80:9
	android:process
		ADDED from AndroidManifest.xml:85:13
	android:screenOrientation
		ADDED from AndroidManifest.xml:84:13
	android:launchMode
		ADDED from AndroidManifest.xml:83:13
	android:exported
		ADDED from AndroidManifest.xml:82:13
	android:theme
		ADDED from AndroidManifest.xml:86:13
	android:name
		ADDED from AndroidManifest.xml:81:13
activity#com.inase.android.gocci.Activity.LoginActivity
ADDED from AndroidManifest.xml:88:9
	android:screenOrientation
		ADDED from AndroidManifest.xml:92:13
	android:label
		ADDED from AndroidManifest.xml:90:13
	android:launchMode
		ADDED from AndroidManifest.xml:91:13
	android:name
		ADDED from AndroidManifest.xml:89:13
meta-data#com.crashlytics.ApiKey
ADDED from AndroidManifest.xml:94:9
	android:value
		ADDED from AndroidManifest.xml:96:13
	android:name
		ADDED from AndroidManifest.xml:95:13
uses-sdk
INJECTED from AndroidManifest.xml:0:0 reason: use-sdk injection requested
MERGED from com.github.traex.rippleeffect:library:1.2.3:8:5
MERGED from com.melnykov:floatingactionbutton:1.1.0:8:5
MERGED from com.android.support:recyclerview-v7:21.0.0:15:5
MERGED from com.android.support:support-v4:21.0.3:15:5
MERGED from me.drakeet.materialdialog:library:1.2.2:8:5
MERGED from com.android.support:support-v4:21.0.3:15:5
MERGED from com.android.support:appcompat-v7:21.0.3:15:5
MERGED from com.android.support:support-v4:21.0.3:15:5
MERGED from com.google.android.gms:play-services:6.5.87:18:5
MERGED from com.android.support:support-v4:21.0.3:15:5
MERGED from com.github.ksoichiro:android-observablescrollview:1.5.0:21:5
MERGED from com.android.support:recyclerview-v7:21.0.0:15:5
MERGED from com.android.support:support-v4:21.0.3:15:5
MERGED from com.squareup:android-times-square:1.5.0:8:5
MERGED from com.hatenablog.shoma2da:eventdaterecorderlib:0.1.0:7:5
MERGED from com.android.support:appcompat-v7:21.0.3:15:5
MERGED from com.android.support:support-v4:21.0.3:15:5
MERGED from it.neokree:MaterialTabs:0.11:7:5
MERGED from com.github.markushi:android-ui:1.2:7:5
MERGED from com.android.support:appcompat-v7:21.0.3:15:5
MERGED from com.android.support:support-v4:21.0.3:15:5
MERGED from com.android.support:cardview-v7:21.0.3:15:5
MERGED from com.android.support:palette-v7:21.0.3:15:5
MERGED from com.android.support:support-v4:21.0.3:15:5
MERGED from com.viewpagerindicator:library:2.4.1:3:5
MERGED from com.pnikosis:materialish-progress:1.4:7:5
MERGED from com.android.support:appcompat-v7:21.0.3:15:5
MERGED from com.android.support:support-v4:21.0.3:15:5
MERGED from com.github.sd6352051.niftydialogeffects:niftydialogeffects:1.0.0:7:5
MERGED from fr.tvbarthel.lib.blurdialogfragment:lib:1.0.0:7:5
MERGED from com.akexorcist:RoundCornerProgressBar:1.0.0:22:5
MERGED from io.nlopez.smartlocation:library:3.0.2:7:5
MERGED from com.facebook.android:facebook:3.22.0:20:5
MERGED from com.android.support:support-v4:21.0.3:15:5
MERGED from com.twitter.sdk.android:twitter:1.1.1:7:5
MERGED from com.twitter.sdk.android:tweet-composer:0.7.2:7:5
MERGED from io.fabric.sdk.android:fabric:1.1.0:7:5
MERGED from com.twitter.sdk.android:twitter-core:1.1.1:7:5
MERGED from io.fabric.sdk.android:fabric:1.1.0:7:5
MERGED from com.twitter.sdk.android:tweet-ui:1.0.3:7:5
MERGED from com.twitter.sdk.android:twitter-core:1.1.1:7:5
MERGED from io.fabric.sdk.android:fabric:1.1.0:7:5
MERGED from com.android.support:support-v4:21.0.3:15:5
MERGED from io.fabric.sdk.android:fabric:1.1.0:7:5
MERGED from com.twitter.sdk.android:twitter-core:1.1.1:7:5
MERGED from io.fabric.sdk.android:fabric:1.1.0:7:5
MERGED from com.digits.sdk.android:digits:1.1.0:7:5
MERGED from com.twitter.sdk.android:twitter-core:1.1.1:7:5
MERGED from io.fabric.sdk.android:fabric:1.1.0:7:5
MERGED from io.fabric.sdk.android:fabric:1.1.0:7:5
MERGED from io.fabric.sdk.android:fabric:1.1.0:7:5
	tools:overrideLibrary
		ADDED from it.neokree:MaterialTabs:0.11:10:9
	android:targetSdkVersion
		INJECTED from AndroidManifest.xml:0:0
		INJECTED from AndroidManifest.xml:0:0
	android:minSdkVersion
		INJECTED from AndroidManifest.xml:0:0
		INJECTED from AndroidManifest.xml:0:0
activity#android.support.v7.widget.TestActivity
ADDED from com.android.support:recyclerview-v7:21.0.0:18:9
MERGED from com.android.support:recyclerview-v7:21.0.0:18:9
	android:label
		ADDED from com.android.support:recyclerview-v7:21.0.0:18:19
	android:name
		ADDED from com.android.support:recyclerview-v7:21.0.0:18:60
uses-permission#com.google.android.gms.permission.ACTIVITY_RECOGNITION
ADDED from io.nlopez.smartlocation:library:3.0.2:15:5
	android:name
		ADDED from io.nlopez.smartlocation:library:3.0.2:15:22
service#io.nlopez.smartlocation.activity.providers.ActivityGooglePlayServicesProvider$ActivityRecognitionService
ADDED from io.nlopez.smartlocation:library:3.0.2:18:9
	android:exported
		ADDED from io.nlopez.smartlocation:library:3.0.2:20:13
	android:name
		ADDED from io.nlopez.smartlocation:library:3.0.2:19:13
service#io.nlopez.smartlocation.geofencing.providers.GeofencingGooglePlayServicesProvider$GeofencingService
ADDED from io.nlopez.smartlocation:library:3.0.2:21:9
	android:exported
		ADDED from io.nlopez.smartlocation:library:3.0.2:23:13
	android:name
		ADDED from io.nlopez.smartlocation:library:3.0.2:22:13
activity#com.twitter.sdk.android.core.identity.OAuthActivity
ADDED from com.twitter.sdk.android:twitter-core:1.1.1:14:9
MERGED from com.twitter.sdk.android:twitter-core:1.1.1:14:9
MERGED from com.twitter.sdk.android:twitter-core:1.1.1:14:9
MERGED from com.twitter.sdk.android:twitter-core:1.1.1:14:9
	android:excludeFromRecents
		ADDED from com.twitter.sdk.android:twitter-core:1.1.1:17:13
	android:exported
		ADDED from com.twitter.sdk.android:twitter-core:1.1.1:18:13
	android:configChanges
		ADDED from com.twitter.sdk.android:twitter-core:1.1.1:16:13
	android:name
		ADDED from com.twitter.sdk.android:twitter-core:1.1.1:15:13
activity#com.twitter.sdk.android.core.identity.ShareEmailActivity
ADDED from com.twitter.sdk.android:twitter-core:1.1.1:19:9
MERGED from com.twitter.sdk.android:twitter-core:1.1.1:19:9
MERGED from com.twitter.sdk.android:twitter-core:1.1.1:19:9
MERGED from com.twitter.sdk.android:twitter-core:1.1.1:19:9
	android:label
		ADDED from com.twitter.sdk.android:twitter-core:1.1.1:25:13
	android:excludeFromRecents
		ADDED from com.twitter.sdk.android:twitter-core:1.1.1:22:13
	android:exported
		ADDED from com.twitter.sdk.android:twitter-core:1.1.1:23:13
	android:configChanges
		ADDED from com.twitter.sdk.android:twitter-core:1.1.1:21:13
	android:icon
		ADDED from com.twitter.sdk.android:twitter-core:1.1.1:24:13
	android:name
		ADDED from com.twitter.sdk.android:twitter-core:1.1.1:20:13
activity#com.digits.sdk.android.PhoneNumberActivity
ADDED from com.digits.sdk.android:digits:1.1.0:14:9
	android:excludeFromRecents
		ADDED from com.digits.sdk.android:digits:1.1.0:17:13
	android:exported
		ADDED from com.digits.sdk.android:digits:1.1.0:18:13
	android:windowSoftInputMode
		ADDED from com.digits.sdk.android:digits:1.1.0:20:13
	android:configChanges
		ADDED from com.digits.sdk.android:digits:1.1.0:16:13
	android:taskAffinity
		ADDED from com.digits.sdk.android:digits:1.1.0:19:13
	android:name
		ADDED from com.digits.sdk.android:digits:1.1.0:15:13
activity#com.digits.sdk.android.ConfirmationCodeActivity
ADDED from com.digits.sdk.android:digits:1.1.0:21:9
	android:excludeFromRecents
		ADDED from com.digits.sdk.android:digits:1.1.0:24:13
	android:exported
		ADDED from com.digits.sdk.android:digits:1.1.0:25:13
	android:windowSoftInputMode
		ADDED from com.digits.sdk.android:digits:1.1.0:27:13
	android:configChanges
		ADDED from com.digits.sdk.android:digits:1.1.0:23:13
	android:taskAffinity
		ADDED from com.digits.sdk.android:digits:1.1.0:26:13
	android:name
		ADDED from com.digits.sdk.android:digits:1.1.0:22:13
activity#com.digits.sdk.android.LoginCodeActivity
ADDED from com.digits.sdk.android:digits:1.1.0:28:9
	android:excludeFromRecents
		ADDED from com.digits.sdk.android:digits:1.1.0:31:13
	android:launchMode
		ADDED from com.digits.sdk.android:digits:1.1.0:33:13
	android:exported
		ADDED from com.digits.sdk.android:digits:1.1.0:32:13
	android:windowSoftInputMode
		ADDED from com.digits.sdk.android:digits:1.1.0:35:13
	android:configChanges
		ADDED from com.digits.sdk.android:digits:1.1.0:30:13
	android:taskAffinity
		ADDED from com.digits.sdk.android:digits:1.1.0:34:13
	android:name
		ADDED from com.digits.sdk.android:digits:1.1.0:29:13
activity#com.digits.sdk.android.TwitterLoginActivity
ADDED from com.digits.sdk.android:digits:1.1.0:36:9
	android:excludeFromRecents
		ADDED from com.digits.sdk.android:digits:1.1.0:39:13
	android:exported
		ADDED from com.digits.sdk.android:digits:1.1.0:40:13
	android:configChanges
		ADDED from com.digits.sdk.android:digits:1.1.0:38:13
	android:taskAffinity
		ADDED from com.digits.sdk.android:digits:1.1.0:41:13
	android:name
		ADDED from com.digits.sdk.android:digits:1.1.0:37:13
activity#com.digits.sdk.android.PhoneNumberActionBarActivity
ADDED from com.digits.sdk.android:digits:1.1.0:42:9
	android:excludeFromRecents
		ADDED from com.digits.sdk.android:digits:1.1.0:45:13
	android:exported
		ADDED from com.digits.sdk.android:digits:1.1.0:46:13
	android:windowSoftInputMode
		ADDED from com.digits.sdk.android:digits:1.1.0:48:13
	android:configChanges
		ADDED from com.digits.sdk.android:digits:1.1.0:44:13
	android:taskAffinity
		ADDED from com.digits.sdk.android:digits:1.1.0:47:13
	android:name
		ADDED from com.digits.sdk.android:digits:1.1.0:43:13
activity#com.digits.sdk.android.ConfirmationCodeActionBarActivity
ADDED from com.digits.sdk.android:digits:1.1.0:49:9
	android:excludeFromRecents
		ADDED from com.digits.sdk.android:digits:1.1.0:52:13
	android:exported
		ADDED from com.digits.sdk.android:digits:1.1.0:53:13
	android:windowSoftInputMode
		ADDED from com.digits.sdk.android:digits:1.1.0:55:13
	android:configChanges
		ADDED from com.digits.sdk.android:digits:1.1.0:51:13
	android:taskAffinity
		ADDED from com.digits.sdk.android:digits:1.1.0:54:13
	android:name
		ADDED from com.digits.sdk.android:digits:1.1.0:50:13
activity#com.digits.sdk.android.LoginCodeActionBarActivity
ADDED from com.digits.sdk.android:digits:1.1.0:56:9
	android:excludeFromRecents
		ADDED from com.digits.sdk.android:digits:1.1.0:59:13
	android:launchMode
		ADDED from com.digits.sdk.android:digits:1.1.0:61:13
	android:exported
		ADDED from com.digits.sdk.android:digits:1.1.0:60:13
	android:windowSoftInputMode
		ADDED from com.digits.sdk.android:digits:1.1.0:63:13
	android:configChanges
		ADDED from com.digits.sdk.android:digits:1.1.0:58:13
	android:taskAffinity
		ADDED from com.digits.sdk.android:digits:1.1.0:62:13
	android:name
		ADDED from com.digits.sdk.android:digits:1.1.0:57:13
activity#com.digits.sdk.android.TwitterLoginActionBarActivity
ADDED from com.digits.sdk.android:digits:1.1.0:64:9
	android:excludeFromRecents
		ADDED from com.digits.sdk.android:digits:1.1.0:67:13
	android:exported
		ADDED from com.digits.sdk.android:digits:1.1.0:68:13
	android:configChanges
		ADDED from com.digits.sdk.android:digits:1.1.0:66:13
	android:taskAffinity
		ADDED from com.digits.sdk.android:digits:1.1.0:69:13
	android:name
		ADDED from com.digits.sdk.android:digits:1.1.0:65:13